2015-08-07 11:13:33 INFO  com.nuix.util.concurrent.e:<init>():76 - Initialising with 2 IO threads
2015-08-07 11:13:33 INFO  com.nuix.util.concurrent.e:<init>():78 - Initialising with 4 store threads
2015-08-07 11:13:35 WARN  com.nuix.monitoring.memory.a:handleNotification():39 - System is running low on free memory used: 3.52 GB, 92.679638% of total: 3.8 GB
2015-08-07 11:18:55 INFO  com.nuix.util.concurrent.e:<init>():76 - Initialising with 2 IO threads
2015-08-07 11:18:55 INFO  com.nuix.util.concurrent.e:<init>():78 - Initialising with 4 store threads
2015-08-07 11:18:57 WARN  com.nuix.monitoring.memory.a:handleNotification():39 - System is running low on free memory used: 3.53 GB, 92.961813% of total: 3.8 GB
2015-08-07 11:19:09 ERROR com.nuix.product.y:a():110 - Licence source gave an error finding available licences
Server at win2k8r2:27443 could not be contacted.
	at com.nuix.product.server.c.d(SourceFile:88)
	at com.nuix.product.y.a(SourceFile:106)
	at com.nuix.product.y.apply(SourceFile:100)
	at com.google.common.collect.Iterators$8.transform(Iterators.java:799)
	at com.google.common.collect.TransformedIterator.next(TransformedIterator.java:48)
	at com.google.common.collect.Iterators$5.hasNext(Iterators.java:548)
	at com.google.common.collect.Iterators$7.computeNext(Iterators.java:650)
	at com.google.common.collect.AbstractIterator.tryToComputeNext(AbstractIterator.java:143)
	at com.google.common.collect.AbstractIterator.hasNext(AbstractIterator.java:138)
	at com.google.common.collect.TransformedIterator.hasNext(TransformedIterator.java:43)
	at com.nuix.cc.OutputAvailableLicenses.main(Unknown Source)
Caused by: com.nuix.server.api.client.e: Unauthorised (the server wants you to sign in)
	at com.nuix.server.api.client.transport.c.a(SourceFile:120)
	at com.nuix.server.api.client.b.a(SourceFile:56)
	at com.nuix.common.reflect.BaseMethodInterceptor.intercept(SourceFile:128)
	at com.nuix.common.reflect.PropertyChangesMethodInterceptor.a(SourceFile:123)
	at com.nuix.common.reflect.BaseMethodInterceptor.intercept(SourceFile:128)
	at com.nuix.server.api.h$$Enhancerc$$dbec316a.listAvailableLicences(<generated>)
	at com.nuix.product.server.c.d(SourceFile:84)
	... 10 more
2015-08-07 11:19:09 ERROR com.nuix.product.y:a():110 - Licence source gave an error finding available licences
Server at 10.32.0.196:27443 could not be contacted.
	at com.nuix.product.server.c.d(SourceFile:88)
	at com.nuix.product.y.a(SourceFile:106)
	at com.nuix.product.y.apply(SourceFile:100)
	at com.google.common.collect.Iterators$8.transform(Iterators.java:799)
	at com.google.common.collect.TransformedIterator.next(TransformedIterator.java:48)
	at com.google.common.collect.Iterators$5.hasNext(Iterators.java:548)
	at com.google.common.collect.Iterators$7.computeNext(Iterators.java:650)
	at com.google.common.collect.AbstractIterator.tryToComputeNext(AbstractIterator.java:143)
	at com.google.common.collect.AbstractIterator.hasNext(AbstractIterator.java:138)
	at com.google.common.collect.TransformedIterator.hasNext(TransformedIterator.java:43)
	at com.nuix.cc.OutputAvailableLicenses.main(Unknown Source)
Caused by: com.nuix.server.api.client.e: Unauthorised (the server wants you to sign in)
	at com.nuix.server.api.client.transport.c.a(SourceFile:120)
	at com.nuix.server.api.client.b.a(SourceFile:56)
	at com.nuix.common.reflect.BaseMethodInterceptor.intercept(SourceFile:128)
	at com.nuix.common.reflect.PropertyChangesMethodInterceptor.a(SourceFile:123)
	at com.nuix.common.reflect.BaseMethodInterceptor.intercept(SourceFile:128)
	at com.nuix.server.api.h$$Enhancerc$$dbec316a.listAvailableLicences(<generated>)
	at com.nuix.product.server.c.d(SourceFile:84)
	... 10 more
2015-08-07 11:20:20 INFO  com.nuix.util.concurrent.e:<init>():76 - Initialising with 2 IO threads
2015-08-07 11:20:20 INFO  com.nuix.util.concurrent.e:<init>():78 - Initialising with 4 store threads
2015-08-07 11:20:22 WARN  com.nuix.monitoring.memory.a:handleNotification():39 - System is running low on free memory used: 3.52 GB, 92.777849% of total: 3.8 GB
2015-08-07 11:20:33 ERROR com.nuix.product.y:a():110 - Licence source gave an error finding available licences
Server at win2k8r2:27443 could not be contacted.
	at com.nuix.product.server.c.d(SourceFile:88)
	at com.nuix.product.y.a(SourceFile:106)
	at com.nuix.product.y.apply(SourceFile:100)
	at com.google.common.collect.Iterators$8.transform(Iterators.java:799)
	at com.google.common.collect.TransformedIterator.next(TransformedIterator.java:48)
	at com.google.common.collect.Iterators$5.hasNext(Iterators.java:548)
	at com.google.common.collect.Iterators$7.computeNext(Iterators.java:650)
	at com.google.common.collect.AbstractIterator.tryToComputeNext(AbstractIterator.java:143)
	at com.google.common.collect.AbstractIterator.hasNext(AbstractIterator.java:138)
	at com.google.common.collect.TransformedIterator.hasNext(TransformedIterator.java:43)
	at com.nuix.cc.OutputAvailableLicenses.main(Unknown Source)
Caused by: com.nuix.server.api.client.e: Unauthorised (the server wants you to sign in)
	at com.nuix.server.api.client.transport.c.a(SourceFile:120)
	at com.nuix.server.api.client.b.a(SourceFile:56)
	at com.nuix.common.reflect.BaseMethodInterceptor.intercept(SourceFile:128)
	at com.nuix.common.reflect.PropertyChangesMethodInterceptor.a(SourceFile:123)
	at com.nuix.common.reflect.BaseMethodInterceptor.intercept(SourceFile:128)
	at com.nuix.server.api.h$$Enhancerc$$dbec316a.listAvailableLicences(<generated>)
	at com.nuix.product.server.c.d(SourceFile:84)
	... 10 more
2015-08-07 11:25:38 INFO  com.nuix.util.concurrent.e:<init>():76 - Initialising with 2 IO threads
2015-08-07 11:25:38 INFO  com.nuix.util.concurrent.e:<init>():78 - Initialising with 4 store threads
2015-08-07 11:25:40 WARN  com.nuix.monitoring.memory.a:handleNotification():39 - System is running low on free memory used: 3.52 GB, 92.769987% of total: 3.8 GB
2015-08-11 13:12:32 INFO  com.nuix.util.concurrent.e:<init>():76 - Initialising with 2 IO threads
2015-08-11 13:12:32 INFO  com.nuix.util.concurrent.e:<init>():78 - Initialising with 4 store threads
2015-08-11 13:12:33 WARN  com.nuix.util.net.f:a():220 - Problem looking up SRV record for domain hsd1.pa.comcast.net, service _nuix2._tcp.
javax.naming.OperationNotSupportedException: DNS service refused [response code 5]; remaining name '_nuix2._tcp.hsd1.pa.comcast.net.'
	at com.sun.jndi.dns.DnsClient.checkResponseCode(DnsClient.java:654)
	at com.sun.jndi.dns.DnsClient.isMatchResponse(DnsClient.java:569)
	at com.sun.jndi.dns.DnsClient.doUdpQuery(DnsClient.java:418)
	at com.sun.jndi.dns.DnsClient.query(DnsClient.java:207)
	at com.sun.jndi.dns.Resolver.query(Resolver.java:81)
	at com.sun.jndi.dns.DnsContext.c_getAttributes(DnsContext.java:434)
	at com.sun.jndi.toolkit.ctx.ComponentDirContext.p_getAttributes(ComponentDirContext.java:235)
	at com.sun.jndi.toolkit.ctx.PartialCompositeDirContext.getAttributes(PartialCompositeDirContext.java:141)
	at com.sun.jndi.toolkit.ctx.PartialCompositeDirContext.getAttributes(PartialCompositeDirContext.java:129)
	at javax.naming.directory.InitialDirContext.getAttributes(InitialDirContext.java:142)
	at javax.naming.directory.InitialDirContext.getAttributes(InitialDirContext.java:137)
	at com.nuix.util.net.f.a(SourceFile:162)
	at com.nuix.util.net.f.a(SourceFile:129)
	at com.nuix.server.api.d.c(SourceFile:104)
	at com.nuix.server.api.d.b(SourceFile:27)
	at com.nuix.server.api.d$a.a(SourceFile:263)
	at com.nuix.common.collections.q.b(SourceFile:42)
	at com.nuix.common.collections.q.hasNext(SourceFile:64)
	at com.nuix.common.collections.m.hasNext(SourceFile:64)
	at com.google.common.collect.Iterators$7.computeNext(Iterators.java:650)
	at com.google.common.collect.AbstractIterator.tryToComputeNext(AbstractIterator.java:143)
	at com.google.common.collect.AbstractIterator.hasNext(AbstractIterator.java:138)
	at com.google.common.collect.TransformedIterator.hasNext(TransformedIterator.java:43)
	at com.google.common.collect.Iterators$5.hasNext(Iterators.java:547)
	at com.google.common.collect.TransformedIterator.hasNext(TransformedIterator.java:43)
	at com.google.common.collect.Iterators$5.hasNext(Iterators.java:547)
	at com.google.common.collect.Iterators$7.computeNext(Iterators.java:650)
	at com.google.common.collect.AbstractIterator.tryToComputeNext(AbstractIterator.java:143)
	at com.google.common.collect.AbstractIterator.hasNext(AbstractIterator.java:138)
	at com.google.common.collect.TransformedIterator.hasNext(TransformedIterator.java:43)
	at com.nuix.cc.OutputAvailableLicenses.main(Unknown Source)
2015-08-11 13:12:34 WARN  com.nuix.monitoring.memory.a:handleNotification():39 - System is running low on free memory used: 3.53 GB, 92.952725% of total: 3.8 GB
2015-08-11 13:25:33 INFO  com.nuix.util.concurrent.e:<init>():76 - Initialising with 2 IO threads
2015-08-11 13:25:33 INFO  com.nuix.util.concurrent.e:<init>():78 - Initialising with 4 store threads
2015-08-11 13:25:33 WARN  com.nuix.util.net.f:a():220 - Problem looking up SRV record for domain hsd1.pa.comcast.net, service _nuix2._tcp.
javax.naming.NamingException: DNS format error [response code 1]; remaining name '_nuix2._tcp.hsd1.pa.comcast.net.'
	at com.sun.jndi.dns.DnsClient.checkResponseCode(DnsClient.java:657)
	at com.sun.jndi.dns.DnsClient.isMatchResponse(DnsClient.java:569)
	at com.sun.jndi.dns.DnsClient.doUdpQuery(DnsClient.java:418)
	at com.sun.jndi.dns.DnsClient.query(DnsClient.java:207)
	at com.sun.jndi.dns.Resolver.query(Resolver.java:81)
	at com.sun.jndi.dns.DnsContext.c_getAttributes(DnsContext.java:434)
	at com.sun.jndi.toolkit.ctx.ComponentDirContext.p_getAttributes(ComponentDirContext.java:235)
	at com.sun.jndi.toolkit.ctx.PartialCompositeDirContext.getAttributes(PartialCompositeDirContext.java:141)
	at com.sun.jndi.toolkit.ctx.PartialCompositeDirContext.getAttributes(PartialCompositeDirContext.java:129)
	at javax.naming.directory.InitialDirContext.getAttributes(InitialDirContext.java:142)
	at javax.naming.directory.InitialDirContext.getAttributes(InitialDirContext.java:137)
	at com.nuix.util.net.f.a(SourceFile:162)
	at com.nuix.util.net.f.a(SourceFile:129)
	at com.nuix.server.api.d.c(SourceFile:104)
	at com.nuix.server.api.d.b(SourceFile:27)
	at com.nuix.server.api.d$a.a(SourceFile:263)
	at com.nuix.common.collections.q.b(SourceFile:42)
	at com.nuix.common.collections.q.hasNext(SourceFile:64)
	at com.nuix.common.collections.m.hasNext(SourceFile:64)
	at com.google.common.collect.Iterators$7.computeNext(Iterators.java:650)
	at com.google.common.collect.AbstractIterator.tryToComputeNext(AbstractIterator.java:143)
	at com.google.common.collect.AbstractIterator.hasNext(AbstractIterator.java:138)
	at com.google.common.collect.TransformedIterator.hasNext(TransformedIterator.java:43)
	at com.google.common.collect.Iterators$5.hasNext(Iterators.java:547)
	at com.google.common.collect.TransformedIterator.hasNext(TransformedIterator.java:43)
	at com.google.common.collect.Iterators$5.hasNext(Iterators.java:547)
	at com.google.common.collect.Iterators$7.computeNext(Iterators.java:650)
	at com.google.common.collect.AbstractIterator.tryToComputeNext(AbstractIterator.java:143)
	at com.google.common.collect.AbstractIterator.hasNext(AbstractIterator.java:138)
	at com.google.common.collect.TransformedIterator.hasNext(TransformedIterator.java:43)
	at com.nuix.cc.OutputAvailableLicenses.main(Unknown Source)
2015-08-11 13:25:35 WARN  com.nuix.monitoring.memory.a:handleNotification():39 - System is running low on free memory used: 3.5 GB, 92.292901% of total: 3.8 GB
2015-08-11 16:30:18 INFO  com.nuix.util.concurrent.e:<init>():76 - Initialising with 2 IO threads
2015-08-11 16:30:18 INFO  com.nuix.util.concurrent.e:<init>():78 - Initialising with 4 store threads
2015-08-11 16:30:18 WARN  com.nuix.util.net.f:a():220 - Problem looking up SRV record for domain hsd1.pa.comcast.net, service _nuix2._tcp.
javax.naming.OperationNotSupportedException: DNS service refused [response code 5]; remaining name '_nuix2._tcp.hsd1.pa.comcast.net.'
	at com.sun.jndi.dns.DnsClient.checkResponseCode(DnsClient.java:654)
	at com.sun.jndi.dns.DnsClient.isMatchResponse(DnsClient.java:569)
	at com.sun.jndi.dns.DnsClient.doUdpQuery(DnsClient.java:418)
	at com.sun.jndi.dns.DnsClient.query(DnsClient.java:207)
	at com.sun.jndi.dns.Resolver.query(Resolver.java:81)
	at com.sun.jndi.dns.DnsContext.c_getAttributes(DnsContext.java:434)
	at com.sun.jndi.toolkit.ctx.ComponentDirContext.p_getAttributes(ComponentDirContext.java:235)
	at com.sun.jndi.toolkit.ctx.PartialCompositeDirContext.getAttributes(PartialCompositeDirContext.java:141)
	at com.sun.jndi.toolkit.ctx.PartialCompositeDirContext.getAttributes(PartialCompositeDirContext.java:129)
	at javax.naming.directory.InitialDirContext.getAttributes(InitialDirContext.java:142)
	at javax.naming.directory.InitialDirContext.getAttributes(InitialDirContext.java:137)
	at com.nuix.util.net.f.a(SourceFile:162)
	at com.nuix.util.net.f.a(SourceFile:129)
	at com.nuix.server.api.d.c(SourceFile:104)
	at com.nuix.server.api.d.b(SourceFile:27)
	at com.nuix.server.api.d$a.a(SourceFile:263)
	at com.nuix.common.collections.q.b(SourceFile:42)
	at com.nuix.common.collections.q.hasNext(SourceFile:64)
	at com.nuix.common.collections.m.hasNext(SourceFile:64)
	at com.google.common.collect.Iterators$7.computeNext(Iterators.java:650)
	at com.google.common.collect.AbstractIterator.tryToComputeNext(AbstractIterator.java:143)
	at com.google.common.collect.AbstractIterator.hasNext(AbstractIterator.java:138)
	at com.google.common.collect.TransformedIterator.hasNext(TransformedIterator.java:43)
	at com.google.common.collect.Iterators$5.hasNext(Iterators.java:547)
	at com.google.common.collect.TransformedIterator.hasNext(TransformedIterator.java:43)
	at com.google.common.collect.Iterators$5.hasNext(Iterators.java:547)
	at com.google.common.collect.Iterators$7.computeNext(Iterators.java:650)
	at com.google.common.collect.AbstractIterator.tryToComputeNext(AbstractIterator.java:143)
	at com.google.common.collect.AbstractIterator.hasNext(AbstractIterator.java:138)
	at com.google.common.collect.TransformedIterator.hasNext(TransformedIterator.java:43)
	at com.nuix.cc.OutputAvailableLicenses.main(Unknown Source)
2015-08-11 16:30:20 WARN  com.nuix.monitoring.memory.a:handleNotification():39 - System is running low on free memory used: 3.52 GB, 92.716527% of total: 3.8 GB
2015-08-12 11:19:01 INFO  com.nuix.util.concurrent.e:<init>():76 - Initialising with 2 IO threads
2015-08-12 11:19:01 INFO  com.nuix.util.concurrent.e:<init>():78 - Initialising with 4 store threads
2015-08-12 11:19:03 WARN  com.nuix.monitoring.memory.a:handleNotification():39 - System is running low on free memory used: 3.52 GB, 92.727336% of total: 3.8 GB
2015-08-12 11:19:15 INFO  com.nuix.monitoring.memory.a:handleNotification():46 - System has freed up more memory: 3.78 GB, 99.558918% of total: 3.8 GB
2015-08-12 11:19:15 ERROR com.nuix.product.y:a():110 - Licence source gave an error finding available licences
Server at 127.0.0.1:27443 could not be contacted.
	at com.nuix.product.server.c.d(SourceFile:88)
	at com.nuix.product.y.a(SourceFile:106)
	at com.nuix.product.y.apply(SourceFile:100)
	at com.google.common.collect.Iterators$8.transform(Iterators.java:799)
	at com.google.common.collect.TransformedIterator.next(TransformedIterator.java:48)
	at com.google.common.collect.Iterators$5.hasNext(Iterators.java:548)
	at com.google.common.collect.Iterators$7.computeNext(Iterators.java:650)
	at com.google.common.collect.AbstractIterator.tryToComputeNext(AbstractIterator.java:143)
	at com.google.common.collect.AbstractIterator.hasNext(AbstractIterator.java:138)
	at com.google.common.collect.TransformedIterator.hasNext(TransformedIterator.java:43)
	at com.nuix.cc.OutputAvailableLicenses.main(Unknown Source)
Caused by: java.lang.RuntimeException: Error contacting server
	at com.nuix.server.api.client.transport.c.a(SourceFile:135)
	at com.nuix.server.api.client.b.a(SourceFile:56)
	at com.nuix.common.reflect.BaseMethodInterceptor.intercept(SourceFile:128)
	at com.nuix.common.reflect.PropertyChangesMethodInterceptor.a(SourceFile:123)
	at com.nuix.common.reflect.BaseMethodInterceptor.intercept(SourceFile:128)
	at com.nuix.server.api.h$$Enhancerc$$6caf650c.listAvailableLicences(<generated>)
	at com.nuix.product.server.c.d(SourceFile:84)
	... 10 more
Caused by: org.apache.http.conn.HttpHostConnectException: Connect to 127.0.0.1:27443 [/127.0.0.1] failed: Connection refused: connect
	at org.apache.http.impl.conn.HttpClientConnectionOperator.connect(HttpClientConnectionOperator.java:142)
	at org.apache.http.impl.conn.PoolingHttpClientConnectionManager.connect(PoolingHttpClientConnectionManager.java:319)
	at org.apache.http.impl.execchain.MainClientExec.establishRoute(MainClientExec.java:363)
	at org.apache.http.impl.execchain.MainClientExec.execute(MainClientExec.java:219)
	at org.apache.http.impl.execchain.ProtocolExec.execute(ProtocolExec.java:195)
	at org.apache.http.impl.execchain.RetryExec.execute(RetryExec.java:86)
	at org.apache.http.impl.execchain.RedirectExec.execute(RedirectExec.java:108)
	at org.apache.http.impl.client.InternalHttpClient.doExecute(InternalHttpClient.java:184)
	at org.apache.http.impl.client.CloseableHttpClient.execute(CloseableHttpClient.java:82)
	at org.apache.http.impl.client.CloseableHttpClient.execute(CloseableHttpClient.java:106)
	at com.nuix.server.api.client.transport.c.a(SourceFile:95)
	... 16 more
Caused by: java.net.ConnectException: Connection refused: connect
	at java.net.DualStackPlainSocketImpl.waitForConnect(Native Method)
	at java.net.DualStackPlainSocketImpl.socketConnect(DualStackPlainSocketImpl.java:85)
	at java.net.AbstractPlainSocketImpl.doConnect(AbstractPlainSocketImpl.java:345)
	at java.net.AbstractPlainSocketImpl.connectToAddress(AbstractPlainSocketImpl.java:206)
	at java.net.AbstractPlainSocketImpl.connect(AbstractPlainSocketImpl.java:188)
	at java.net.PlainSocketImpl.connect(PlainSocketImpl.java:172)
	at java.net.SocksSocketImpl.connect(SocksSocketImpl.java:392)
	at java.net.Socket.connect(Socket.java:589)
	at org.apache.http.conn.ssl.SSLConnectionSocketFactory.connectSocket(SSLConnectionSocketFactory.java:244)
	at org.apache.http.impl.conn.HttpClientConnectionOperator.connect(HttpClientConnectionOperator.java:125)
	... 26 more
2015-08-12 11:50:46 INFO  com.nuix.util.concurrent.e:<init>():76 - Initialising with 2 IO threads
2015-08-12 11:50:46 INFO  com.nuix.util.concurrent.e:<init>():78 - Initialising with 4 store threads
2015-08-12 11:50:49 WARN  com.nuix.monitoring.memory.a:handleNotification():39 - System is running low on free memory used: 3.5 GB, 92.243268% of total: 3.8 GB
2015-08-12 11:51:01 INFO  com.nuix.monitoring.memory.a:handleNotification():46 - System has freed up more memory: 3.76 GB, 98.890656% of total: 3.8 GB
2015-08-12 11:51:01 ERROR com.nuix.product.y:a():110 - Licence source gave an error finding available licences
Server at 127.0.0.1:27443 could not be contacted.
	at com.nuix.product.server.c.d(SourceFile:88)
	at com.nuix.product.y.a(SourceFile:106)
	at com.nuix.product.y.apply(SourceFile:100)
	at com.google.common.collect.Iterators$8.transform(Iterators.java:799)
	at com.google.common.collect.TransformedIterator.next(TransformedIterator.java:48)
	at com.google.common.collect.Iterators$5.hasNext(Iterators.java:548)
	at com.google.common.collect.Iterators$7.computeNext(Iterators.java:650)
	at com.google.common.collect.AbstractIterator.tryToComputeNext(AbstractIterator.java:143)
	at com.google.common.collect.AbstractIterator.hasNext(AbstractIterator.java:138)
	at com.google.common.collect.TransformedIterator.hasNext(TransformedIterator.java:43)
	at com.nuix.cc.OutputAvailableLicenses.main(Unknown Source)
Caused by: java.lang.RuntimeException: Error contacting server
	at com.nuix.server.api.client.transport.c.a(SourceFile:135)
	at com.nuix.server.api.client.b.a(SourceFile:56)
	at com.nuix.common.reflect.BaseMethodInterceptor.intercept(SourceFile:128)
	at com.nuix.common.reflect.PropertyChangesMethodInterceptor.a(SourceFile:123)
	at com.nuix.common.reflect.BaseMethodInterceptor.intercept(SourceFile:128)
	at com.nuix.server.api.h$$Enhancerc$$7151a3a9.listAvailableLicences(<generated>)
	at com.nuix.product.server.c.d(SourceFile:84)
	... 10 more
Caused by: org.apache.http.conn.HttpHostConnectException: Connect to 127.0.0.1:27443 [/127.0.0.1] failed: Connection refused: connect
	at org.apache.http.impl.conn.HttpClientConnectionOperator.connect(HttpClientConnectionOperator.java:142)
	at org.apache.http.impl.conn.PoolingHttpClientConnectionManager.connect(PoolingHttpClientConnectionManager.java:319)
	at org.apache.http.impl.execchain.MainClientExec.establishRoute(MainClientExec.java:363)
	at org.apache.http.impl.execchain.MainClientExec.execute(MainClientExec.java:219)
	at org.apache.http.impl.execchain.ProtocolExec.execute(ProtocolExec.java:195)
	at org.apache.http.impl.execchain.RetryExec.execute(RetryExec.java:86)
	at org.apache.http.impl.execchain.RedirectExec.execute(RedirectExec.java:108)
	at org.apache.http.impl.client.InternalHttpClient.doExecute(InternalHttpClient.java:184)
	at org.apache.http.impl.client.CloseableHttpClient.execute(CloseableHttpClient.java:82)
	at org.apache.http.impl.client.CloseableHttpClient.execute(CloseableHttpClient.java:106)
	at com.nuix.server.api.client.transport.c.a(SourceFile:95)
	... 16 more
Caused by: java.net.ConnectException: Connection refused: connect
	at java.net.DualStackPlainSocketImpl.waitForConnect(Native Method)
	at java.net.DualStackPlainSocketImpl.socketConnect(DualStackPlainSocketImpl.java:85)
	at java.net.AbstractPlainSocketImpl.doConnect(AbstractPlainSocketImpl.java:345)
	at java.net.AbstractPlainSocketImpl.connectToAddress(AbstractPlainSocketImpl.java:206)
	at java.net.AbstractPlainSocketImpl.connect(AbstractPlainSocketImpl.java:188)
	at java.net.PlainSocketImpl.connect(PlainSocketImpl.java:172)
	at java.net.SocksSocketImpl.connect(SocksSocketImpl.java:392)
	at java.net.Socket.connect(Socket.java:589)
	at org.apache.http.conn.ssl.SSLConnectionSocketFactory.connectSocket(SSLConnectionSocketFactory.java:244)
	at org.apache.http.impl.conn.HttpClientConnectionOperator.connect(HttpClientConnectionOperator.java:125)
	... 26 more
2015-08-20 14:22:21 INFO  com.nuix.util.concurrent.e:<init>():76 - Initialising with 2 IO threads
2015-08-20 14:22:21 INFO  com.nuix.util.concurrent.e:<init>():78 - Initialising with 4 store threads
2015-08-20 14:22:23 WARN  com.nuix.monitoring.memory.a:handleNotification():39 - System is running low on free memory used: 3.53 GB, 92.989693% of total: 3.8 GB
2015-10-22 10:48:45 INFO  com.nuix.util.concurrent.e:<init>():76 - Initialising with 2 IO threads
2015-10-22 10:48:45 INFO  com.nuix.util.concurrent.e:<init>():78 - Initialising with 4 store threads
2015-10-22 10:48:46 WARN  com.nuix.util.net.f:a():220 - Problem looking up SRV record for domain hsd1.pa.comcast.net, service _nuix2._tcp.
javax.naming.OperationNotSupportedException: DNS service refused [response code 5]; remaining name '_nuix2._tcp.hsd1.pa.comcast.net.'
	at com.sun.jndi.dns.DnsClient.checkResponseCode(DnsClient.java:654)
	at com.sun.jndi.dns.DnsClient.isMatchResponse(DnsClient.java:569)
	at com.sun.jndi.dns.DnsClient.doUdpQuery(DnsClient.java:418)
	at com.sun.jndi.dns.DnsClient.query(DnsClient.java:207)
	at com.sun.jndi.dns.Resolver.query(Resolver.java:81)
	at com.sun.jndi.dns.DnsContext.c_getAttributes(DnsContext.java:434)
	at com.sun.jndi.toolkit.ctx.ComponentDirContext.p_getAttributes(ComponentDirContext.java:235)
	at com.sun.jndi.toolkit.ctx.PartialCompositeDirContext.getAttributes(PartialCompositeDirContext.java:141)
	at com.sun.jndi.toolkit.ctx.PartialCompositeDirContext.getAttributes(PartialCompositeDirContext.java:129)
	at javax.naming.directory.InitialDirContext.getAttributes(InitialDirContext.java:142)
	at javax.naming.directory.InitialDirContext.getAttributes(InitialDirContext.java:137)
	at com.nuix.util.net.f.a(SourceFile:162)
	at com.nuix.util.net.f.a(SourceFile:129)
	at com.nuix.server.api.d.c(SourceFile:104)
	at com.nuix.server.api.d.b(SourceFile:27)
	at com.nuix.server.api.d$a.a(SourceFile:263)
	at com.nuix.common.collections.q.b(SourceFile:42)
	at com.nuix.common.collections.q.hasNext(SourceFile:64)
	at com.nuix.common.collections.m.hasNext(SourceFile:64)
	at com.google.common.collect.Iterators$7.computeNext(Iterators.java:650)
	at com.google.common.collect.AbstractIterator.tryToComputeNext(AbstractIterator.java:143)
	at com.google.common.collect.AbstractIterator.hasNext(AbstractIterator.java:138)
	at com.google.common.collect.TransformedIterator.hasNext(TransformedIterator.java:43)
	at com.google.common.collect.Iterators$5.hasNext(Iterators.java:547)
	at com.google.common.collect.TransformedIterator.hasNext(TransformedIterator.java:43)
	at com.google.common.collect.Iterators$5.hasNext(Iterators.java:547)
	at com.google.common.collect.Iterators$7.computeNext(Iterators.java:650)
	at com.google.common.collect.AbstractIterator.tryToComputeNext(AbstractIterator.java:143)
	at com.google.common.collect.AbstractIterator.hasNext(AbstractIterator.java:138)
	at com.google.common.collect.TransformedIterator.hasNext(TransformedIterator.java:43)
	at com.nuix.cc.OutputAvailableLicenses.main(Unknown Source)
2015-10-22 10:48:47 WARN  com.nuix.monitoring.memory.a:handleNotification():39 - System is running low on free memory used: 3.5 GB, 92.234876% of total: 3.8 GB
2015-10-22 14:31:40 INFO  com.nuix.util.concurrent.e:<init>():76 - Initialising with 2 IO threads
2015-10-22 14:31:40 INFO  com.nuix.util.concurrent.e:<init>():78 - Initialising with 4 store threads
2015-10-22 14:31:41 WARN  com.nuix.util.net.f:a():220 - Problem looking up SRV record for domain hsd1.pa.comcast.net, service _nuix2._tcp.
javax.naming.NamingException: DNS format error [response code 1]; remaining name '_nuix2._tcp.hsd1.pa.comcast.net.'
	at com.sun.jndi.dns.DnsClient.checkResponseCode(DnsClient.java:657)
	at com.sun.jndi.dns.DnsClient.isMatchResponse(DnsClient.java:569)
	at com.sun.jndi.dns.DnsClient.doUdpQuery(DnsClient.java:418)
	at com.sun.jndi.dns.DnsClient.query(DnsClient.java:207)
	at com.sun.jndi.dns.Resolver.query(Resolver.java:81)
	at com.sun.jndi.dns.DnsContext.c_getAttributes(DnsContext.java:434)
	at com.sun.jndi.toolkit.ctx.ComponentDirContext.p_getAttributes(ComponentDirContext.java:235)
	at com.sun.jndi.toolkit.ctx.PartialCompositeDirContext.getAttributes(PartialCompositeDirContext.java:141)
	at com.sun.jndi.toolkit.ctx.PartialCompositeDirContext.getAttributes(PartialCompositeDirContext.java:129)
	at javax.naming.directory.InitialDirContext.getAttributes(InitialDirContext.java:142)
	at javax.naming.directory.InitialDirContext.getAttributes(InitialDirContext.java:137)
	at com.nuix.util.net.f.a(SourceFile:162)
	at com.nuix.util.net.f.a(SourceFile:129)
	at com.nuix.server.api.d.c(SourceFile:104)
	at com.nuix.server.api.d.b(SourceFile:27)
	at com.nuix.server.api.d$a.a(SourceFile:263)
	at com.nuix.common.collections.q.b(SourceFile:42)
	at com.nuix.common.collections.q.hasNext(SourceFile:64)
	at com.nuix.common.collections.m.hasNext(SourceFile:64)
	at com.google.common.collect.Iterators$7.computeNext(Iterators.java:650)
	at com.google.common.collect.AbstractIterator.tryToComputeNext(AbstractIterator.java:143)
	at com.google.common.collect.AbstractIterator.hasNext(AbstractIterator.java:138)
	at com.google.common.collect.TransformedIterator.hasNext(TransformedIterator.java:43)
	at com.google.common.collect.Iterators$5.hasNext(Iterators.java:547)
	at com.google.common.collect.TransformedIterator.hasNext(TransformedIterator.java:43)
	at com.google.common.collect.Iterators$5.hasNext(Iterators.java:547)
	at com.google.common.collect.Iterators$7.computeNext(Iterators.java:650)
	at com.google.common.collect.AbstractIterator.tryToComputeNext(AbstractIterator.java:143)
	at com.google.common.collect.AbstractIterator.hasNext(AbstractIterator.java:138)
	at com.google.common.collect.TransformedIterator.hasNext(TransformedIterator.java:43)
	at com.nuix.cc.collector.PhysicalFileDeletion.main(Unknown Source)
2015-10-22 14:31:42 WARN  com.nuix.monitoring.memory.a:handleNotification():39 - System is running low on free memory used: 3.53 GB, 92.902984% of total: 3.8 GB
2015-10-22 14:47:40 INFO  com.nuix.util.concurrent.e:<init>():76 - Initialising with 2 IO threads
2015-10-22 14:47:40 INFO  com.nuix.util.concurrent.e:<init>():78 - Initialising with 4 store threads
2015-10-22 14:47:41 WARN  com.nuix.util.net.f:a():220 - Problem looking up SRV record for domain hsd1.pa.comcast.net, service _nuix2._tcp.
javax.naming.NamingException: DNS format error [response code 1]; remaining name '_nuix2._tcp.hsd1.pa.comcast.net.'
	at com.sun.jndi.dns.DnsClient.checkResponseCode(DnsClient.java:657)
	at com.sun.jndi.dns.DnsClient.isMatchResponse(DnsClient.java:569)
	at com.sun.jndi.dns.DnsClient.doUdpQuery(DnsClient.java:418)
	at com.sun.jndi.dns.DnsClient.query(DnsClient.java:207)
	at com.sun.jndi.dns.Resolver.query(Resolver.java:81)
	at com.sun.jndi.dns.DnsContext.c_getAttributes(DnsContext.java:434)
	at com.sun.jndi.toolkit.ctx.ComponentDirContext.p_getAttributes(ComponentDirContext.java:235)
	at com.sun.jndi.toolkit.ctx.PartialCompositeDirContext.getAttributes(PartialCompositeDirContext.java:141)
	at com.sun.jndi.toolkit.ctx.PartialCompositeDirContext.getAttributes(PartialCompositeDirContext.java:129)
	at javax.naming.directory.InitialDirContext.getAttributes(InitialDirContext.java:142)
	at javax.naming.directory.InitialDirContext.getAttributes(InitialDirContext.java:137)
	at com.nuix.util.net.f.a(SourceFile:162)
	at com.nuix.util.net.f.a(SourceFile:129)
	at com.nuix.server.api.d.c(SourceFile:104)
	at com.nuix.server.api.d.b(SourceFile:27)
	at com.nuix.server.api.d$a.a(SourceFile:263)
	at com.nuix.common.collections.q.b(SourceFile:42)
	at com.nuix.common.collections.q.hasNext(SourceFile:64)
	at com.nuix.common.collections.m.hasNext(SourceFile:64)
	at com.google.common.collect.Iterators$7.computeNext(Iterators.java:650)
	at com.google.common.collect.AbstractIterator.tryToComputeNext(AbstractIterator.java:143)
	at com.google.common.collect.AbstractIterator.hasNext(AbstractIterator.java:138)
	at com.google.common.collect.TransformedIterator.hasNext(TransformedIterator.java:43)
	at com.google.common.collect.Iterators$5.hasNext(Iterators.java:547)
	at com.google.common.collect.TransformedIterator.hasNext(TransformedIterator.java:43)
	at com.google.common.collect.Iterators$5.hasNext(Iterators.java:547)
	at com.google.common.collect.Iterators$7.computeNext(Iterators.java:650)
	at com.google.common.collect.AbstractIterator.tryToComputeNext(AbstractIterator.java:143)
	at com.google.common.collect.AbstractIterator.hasNext(AbstractIterator.java:138)
	at com.google.common.collect.TransformedIterator.hasNext(TransformedIterator.java:43)
	at com.nuix.cc.collector.PhysicalFileDeletion.main(Unknown Source)
2015-10-22 14:47:43 WARN  com.nuix.monitoring.memory.a:handleNotification():39 - System is running low on free memory used: 3.53 GB, 92.900056% of total: 3.8 GB
2015-10-22 14:48:30 INFO  com.nuix.util.concurrent.e:<init>():76 - Initialising with 2 IO threads
2015-10-22 14:48:30 INFO  com.nuix.util.concurrent.e:<init>():78 - Initialising with 4 store threads
2015-10-22 14:48:31 WARN  com.nuix.util.net.f:a():220 - Problem looking up SRV record for domain hsd1.pa.comcast.net, service _nuix2._tcp.
javax.naming.OperationNotSupportedException: DNS service refused [response code 5]; remaining name '_nuix2._tcp.hsd1.pa.comcast.net.'
	at com.sun.jndi.dns.DnsClient.checkResponseCode(DnsClient.java:654)
	at com.sun.jndi.dns.DnsClient.isMatchResponse(DnsClient.java:569)
	at com.sun.jndi.dns.DnsClient.doUdpQuery(DnsClient.java:418)
	at com.sun.jndi.dns.DnsClient.query(DnsClient.java:207)
	at com.sun.jndi.dns.Resolver.query(Resolver.java:81)
	at com.sun.jndi.dns.DnsContext.c_getAttributes(DnsContext.java:434)
	at com.sun.jndi.toolkit.ctx.ComponentDirContext.p_getAttributes(ComponentDirContext.java:235)
	at com.sun.jndi.toolkit.ctx.PartialCompositeDirContext.getAttributes(PartialCompositeDirContext.java:141)
	at com.sun.jndi.toolkit.ctx.PartialCompositeDirContext.getAttributes(PartialCompositeDirContext.java:129)
	at javax.naming.directory.InitialDirContext.getAttributes(InitialDirContext.java:142)
	at javax.naming.directory.InitialDirContext.getAttributes(InitialDirContext.java:137)
	at com.nuix.util.net.f.a(SourceFile:162)
	at com.nuix.util.net.f.a(SourceFile:129)
	at com.nuix.server.api.d.c(SourceFile:104)
	at com.nuix.server.api.d.b(SourceFile:27)
	at com.nuix.server.api.d$a.a(SourceFile:263)
	at com.nuix.common.collections.q.b(SourceFile:42)
	at com.nuix.common.collections.q.hasNext(SourceFile:64)
	at com.nuix.common.collections.m.hasNext(SourceFile:64)
	at com.google.common.collect.Iterators$7.computeNext(Iterators.java:650)
	at com.google.common.collect.AbstractIterator.tryToComputeNext(AbstractIterator.java:143)
	at com.google.common.collect.AbstractIterator.hasNext(AbstractIterator.java:138)
	at com.google.common.collect.TransformedIterator.hasNext(TransformedIterator.java:43)
	at com.google.common.collect.Iterators$5.hasNext(Iterators.java:547)
	at com.google.common.collect.TransformedIterator.hasNext(TransformedIterator.java:43)
	at com.google.common.collect.Iterators$5.hasNext(Iterators.java:547)
	at com.google.common.collect.Iterators$7.computeNext(Iterators.java:650)
	at com.google.common.collect.AbstractIterator.tryToComputeNext(AbstractIterator.java:143)
	at com.google.common.collect.AbstractIterator.hasNext(AbstractIterator.java:138)
	at com.google.common.collect.TransformedIterator.hasNext(TransformedIterator.java:43)
	at com.nuix.cc.OutputAvailableLicenses.main(Unknown Source)
2015-10-22 14:48:32 WARN  com.nuix.monitoring.memory.a:handleNotification():39 - System is running low on free memory used: 3.53 GB, 93.068890% of total: 3.8 GB
2015-10-22 14:49:13 INFO  com.nuix.util.concurrent.e:<init>():76 - Initialising with 2 IO threads
2015-10-22 14:49:13 INFO  com.nuix.util.concurrent.e:<init>():78 - Initialising with 4 store threads
2015-10-22 14:49:13 WARN  com.nuix.util.net.f:a():220 - Problem looking up SRV record for domain hsd1.pa.comcast.net, service _nuix2._tcp.
javax.naming.NamingException: DNS format error [response code 1]; remaining name '_nuix2._tcp.hsd1.pa.comcast.net.'
	at com.sun.jndi.dns.DnsClient.checkResponseCode(DnsClient.java:657)
	at com.sun.jndi.dns.DnsClient.isMatchResponse(DnsClient.java:569)
	at com.sun.jndi.dns.DnsClient.doUdpQuery(DnsClient.java:418)
	at com.sun.jndi.dns.DnsClient.query(DnsClient.java:207)
	at com.sun.jndi.dns.Resolver.query(Resolver.java:81)
	at com.sun.jndi.dns.DnsContext.c_getAttributes(DnsContext.java:434)
	at com.sun.jndi.toolkit.ctx.ComponentDirContext.p_getAttributes(ComponentDirContext.java:235)
	at com.sun.jndi.toolkit.ctx.PartialCompositeDirContext.getAttributes(PartialCompositeDirContext.java:141)
	at com.sun.jndi.toolkit.ctx.PartialCompositeDirContext.getAttributes(PartialCompositeDirContext.java:129)
	at javax.naming.directory.InitialDirContext.getAttributes(InitialDirContext.java:142)
	at javax.naming.directory.InitialDirContext.getAttributes(InitialDirContext.java:137)
	at com.nuix.util.net.f.a(SourceFile:162)
	at com.nuix.util.net.f.a(SourceFile:129)
	at com.nuix.server.api.d.c(SourceFile:104)
	at com.nuix.server.api.d.b(SourceFile:27)
	at com.nuix.server.api.d$a.a(SourceFile:263)
	at com.nuix.common.collections.q.b(SourceFile:42)
	at com.nuix.common.collections.q.hasNext(SourceFile:64)
	at com.nuix.common.collections.m.hasNext(SourceFile:64)
	at com.google.common.collect.Iterators$7.computeNext(Iterators.java:650)
	at com.google.common.collect.AbstractIterator.tryToComputeNext(AbstractIterator.java:143)
	at com.google.common.collect.AbstractIterator.hasNext(AbstractIterator.java:138)
	at com.google.common.collect.TransformedIterator.hasNext(TransformedIterator.java:43)
	at com.google.common.collect.Iterators$5.hasNext(Iterators.java:547)
	at com.google.common.collect.TransformedIterator.hasNext(TransformedIterator.java:43)
	at com.google.common.collect.Iterators$5.hasNext(Iterators.java:547)
	at com.google.common.collect.Iterators$7.computeNext(Iterators.java:650)
	at com.google.common.collect.AbstractIterator.tryToComputeNext(AbstractIterator.java:143)
	at com.google.common.collect.AbstractIterator.hasNext(AbstractIterator.java:138)
	at com.google.common.collect.TransformedIterator.hasNext(TransformedIterator.java:43)
	at com.nuix.cc.collector.PhysicalFileDeletion.main(Unknown Source)
2015-10-22 14:49:15 WARN  com.nuix.monitoring.memory.a:handleNotification():39 - System is running low on free memory used: 3.52 GB, 92.814922% of total: 3.8 GB
2015-10-22 14:49:39 INFO  com.nuix.monitoring.memory.a:handleNotification():46 - System has freed up more memory: 3.76 GB, 99.035982% of total: 3.8 GB
2015-10-22 20:51:52 INFO  com.nuix.util.concurrent.e:<init>():76 - Initialising with 2 IO threads
2015-10-22 20:51:52 INFO  com.nuix.util.concurrent.e:<init>():78 - Initialising with 4 store threads
2015-10-22 20:51:53 WARN  com.nuix.util.net.f:a():220 - Problem looking up SRV record for domain hsd1.pa.comcast.net, service _nuix2._tcp.
javax.naming.NamingException: DNS format error [response code 1]; remaining name '_nuix2._tcp.hsd1.pa.comcast.net.'
	at com.sun.jndi.dns.DnsClient.checkResponseCode(DnsClient.java:657)
	at com.sun.jndi.dns.DnsClient.isMatchResponse(DnsClient.java:569)
	at com.sun.jndi.dns.DnsClient.doUdpQuery(DnsClient.java:418)
	at com.sun.jndi.dns.DnsClient.query(DnsClient.java:207)
	at com.sun.jndi.dns.Resolver.query(Resolver.java:81)
	at com.sun.jndi.dns.DnsContext.c_getAttributes(DnsContext.java:434)
	at com.sun.jndi.toolkit.ctx.ComponentDirContext.p_getAttributes(ComponentDirContext.java:235)
	at com.sun.jndi.toolkit.ctx.PartialCompositeDirContext.getAttributes(PartialCompositeDirContext.java:141)
	at com.sun.jndi.toolkit.ctx.PartialCompositeDirContext.getAttributes(PartialCompositeDirContext.java:129)
	at javax.naming.directory.InitialDirContext.getAttributes(InitialDirContext.java:142)
	at javax.naming.directory.InitialDirContext.getAttributes(InitialDirContext.java:137)
	at com.nuix.util.net.f.a(SourceFile:162)
	at com.nuix.util.net.f.a(SourceFile:129)
	at com.nuix.server.api.d.c(SourceFile:104)
	at com.nuix.server.api.d.b(SourceFile:27)
	at com.nuix.server.api.d$a.a(SourceFile:263)
	at com.nuix.common.collections.q.b(SourceFile:42)
	at com.nuix.common.collections.q.hasNext(SourceFile:64)
	at com.nuix.common.collections.m.hasNext(SourceFile:64)
	at com.google.common.collect.Iterators$7.computeNext(Iterators.java:650)
	at com.google.common.collect.AbstractIterator.tryToComputeNext(AbstractIterator.java:143)
	at com.google.common.collect.AbstractIterator.hasNext(AbstractIterator.java:138)
	at com.google.common.collect.TransformedIterator.hasNext(TransformedIterator.java:43)
	at com.google.common.collect.Iterators$5.hasNext(Iterators.java:547)
	at com.google.common.collect.TransformedIterator.hasNext(TransformedIterator.java:43)
	at com.google.common.collect.Iterators$5.hasNext(Iterators.java:547)
	at com.google.common.collect.Iterators$7.computeNext(Iterators.java:650)
	at com.google.common.collect.AbstractIterator.tryToComputeNext(AbstractIterator.java:143)
	at com.google.common.collect.AbstractIterator.hasNext(AbstractIterator.java:138)
	at com.google.common.collect.TransformedIterator.hasNext(TransformedIterator.java:43)
	at com.nuix.cc.collector.PhysicalFileDeletion.main(Unknown Source)
2015-10-22 20:51:54 WARN  com.nuix.monitoring.memory.a:handleNotification():39 - System is running low on free memory used: 3.51 GB, 92.500882% of total: 3.8 GB
2015-10-22 20:52:20 INFO  com.nuix.monitoring.memory.a:handleNotification():46 - System has freed up more memory: 3.79 GB, 99.730895% of total: 3.8 GB
2015-10-22 21:30:15 INFO  com.nuix.util.concurrent.e:<init>():76 - Initialising with 2 IO threads
2015-10-22 21:30:15 INFO  com.nuix.util.concurrent.e:<init>():78 - Initialising with 4 store threads
2015-10-22 21:30:16 WARN  com.nuix.util.net.f:a():220 - Problem looking up SRV record for domain hsd1.pa.comcast.net, service _nuix2._tcp.
javax.naming.OperationNotSupportedException: DNS service refused [response code 5]; remaining name '_nuix2._tcp.hsd1.pa.comcast.net.'
	at com.sun.jndi.dns.DnsClient.checkResponseCode(DnsClient.java:654)
	at com.sun.jndi.dns.DnsClient.isMatchResponse(DnsClient.java:569)
	at com.sun.jndi.dns.DnsClient.doUdpQuery(DnsClient.java:418)
	at com.sun.jndi.dns.DnsClient.query(DnsClient.java:207)
	at com.sun.jndi.dns.Resolver.query(Resolver.java:81)
	at com.sun.jndi.dns.DnsContext.c_getAttributes(DnsContext.java:434)
	at com.sun.jndi.toolkit.ctx.ComponentDirContext.p_getAttributes(ComponentDirContext.java:235)
	at com.sun.jndi.toolkit.ctx.PartialCompositeDirContext.getAttributes(PartialCompositeDirContext.java:141)
	at com.sun.jndi.toolkit.ctx.PartialCompositeDirContext.getAttributes(PartialCompositeDirContext.java:129)
	at javax.naming.directory.InitialDirContext.getAttributes(InitialDirContext.java:142)
	at javax.naming.directory.InitialDirContext.getAttributes(InitialDirContext.java:137)
	at com.nuix.util.net.f.a(SourceFile:162)
	at com.nuix.util.net.f.a(SourceFile:129)
	at com.nuix.server.api.d.c(SourceFile:104)
	at com.nuix.server.api.d.b(SourceFile:27)
	at com.nuix.server.api.d$a.a(SourceFile:263)
	at com.nuix.common.collections.q.b(SourceFile:42)
	at com.nuix.common.collections.q.hasNext(SourceFile:64)
	at com.nuix.common.collections.m.hasNext(SourceFile:64)
	at com.google.common.collect.Iterators$7.computeNext(Iterators.java:650)
	at com.google.common.collect.AbstractIterator.tryToComputeNext(AbstractIterator.java:143)
	at com.google.common.collect.AbstractIterator.hasNext(AbstractIterator.java:138)
	at com.google.common.collect.TransformedIterator.hasNext(TransformedIterator.java:43)
	at com.google.common.collect.Iterators$5.hasNext(Iterators.java:547)
	at com.google.common.collect.TransformedIterator.hasNext(TransformedIterator.java:43)
	at com.google.common.collect.Iterators$5.hasNext(Iterators.java:547)
	at com.google.common.collect.Iterators$7.computeNext(Iterators.java:650)
	at com.google.common.collect.AbstractIterator.tryToComputeNext(AbstractIterator.java:143)
	at com.google.common.collect.AbstractIterator.hasNext(AbstractIterator.java:138)
	at com.google.common.collect.TransformedIterator.hasNext(TransformedIterator.java:43)
	at com.nuix.cc.collector.PhysicalFileDeletion.main(Unknown Source)
2015-10-22 21:30:17 WARN  com.nuix.monitoring.memory.a:handleNotification():39 - System is running low on free memory used: 3.51 GB, 92.494153% of total: 3.8 GB
2015-10-22 21:30:44 INFO  com.nuix.monitoring.memory.a:handleNotification():46 - System has freed up more memory: 3.73 GB, 98.265492% of total: 3.8 GB
2015-10-22 21:42:34 INFO  com.nuix.util.concurrent.e:<init>():76 - Initialising with 2 IO threads
2015-10-22 21:42:34 INFO  com.nuix.util.concurrent.e:<init>():78 - Initialising with 4 store threads
2015-10-22 21:42:35 WARN  com.nuix.util.net.f:a():220 - Problem looking up SRV record for domain hsd1.pa.comcast.net, service _nuix2._tcp.
javax.naming.NamingException: DNS format error [response code 1]; remaining name '_nuix2._tcp.hsd1.pa.comcast.net.'
	at com.sun.jndi.dns.DnsClient.checkResponseCode(DnsClient.java:657)
	at com.sun.jndi.dns.DnsClient.isMatchResponse(DnsClient.java:569)
	at com.sun.jndi.dns.DnsClient.doUdpQuery(DnsClient.java:418)
	at com.sun.jndi.dns.DnsClient.query(DnsClient.java:207)
	at com.sun.jndi.dns.Resolver.query(Resolver.java:81)
	at com.sun.jndi.dns.DnsContext.c_getAttributes(DnsContext.java:434)
	at com.sun.jndi.toolkit.ctx.ComponentDirContext.p_getAttributes(ComponentDirContext.java:235)
	at com.sun.jndi.toolkit.ctx.PartialCompositeDirContext.getAttributes(PartialCompositeDirContext.java:141)
	at com.sun.jndi.toolkit.ctx.PartialCompositeDirContext.getAttributes(PartialCompositeDirContext.java:129)
	at javax.naming.directory.InitialDirContext.getAttributes(InitialDirContext.java:142)
	at javax.naming.directory.InitialDirContext.getAttributes(InitialDirContext.java:137)
	at com.nuix.util.net.f.a(SourceFile:162)
	at com.nuix.util.net.f.a(SourceFile:129)
	at com.nuix.server.api.d.c(SourceFile:104)
	at com.nuix.server.api.d.b(SourceFile:27)
	at com.nuix.server.api.d$a.a(SourceFile:263)
	at com.nuix.common.collections.q.b(SourceFile:42)
	at com.nuix.common.collections.q.hasNext(SourceFile:64)
	at com.nuix.common.collections.m.hasNext(SourceFile:64)
	at com.google.common.collect.Iterators$7.computeNext(Iterators.java:650)
	at com.google.common.collect.AbstractIterator.tryToComputeNext(AbstractIterator.java:143)
	at com.google.common.collect.AbstractIterator.hasNext(AbstractIterator.java:138)
	at com.google.common.collect.TransformedIterator.hasNext(TransformedIterator.java:43)
	at com.google.common.collect.Iterators$5.hasNext(Iterators.java:547)
	at com.google.common.collect.TransformedIterator.hasNext(TransformedIterator.java:43)
	at com.google.common.collect.Iterators$5.hasNext(Iterators.java:547)
	at com.google.common.collect.Iterators$7.computeNext(Iterators.java:650)
	at com.google.common.collect.AbstractIterator.tryToComputeNext(AbstractIterator.java:143)
	at com.google.common.collect.AbstractIterator.hasNext(AbstractIterator.java:138)
	at com.google.common.collect.TransformedIterator.hasNext(TransformedIterator.java:43)
	at com.nuix.cc.collector.PhysicalFileDeletion.main(Unknown Source)
2015-10-22 21:42:36 WARN  com.nuix.monitoring.memory.a:handleNotification():39 - System is running low on free memory used: 3.52 GB, 92.782375% of total: 3.8 GB
2015-10-22 21:43:02 INFO  com.nuix.monitoring.memory.a:handleNotification():46 - System has freed up more memory: 3.75 GB, 98.851281% of total: 3.8 GB
2015-10-22 21:45:53 INFO  com.nuix.util.concurrent.e:<init>():76 - Initialising with 2 IO threads
2015-10-22 21:45:53 INFO  com.nuix.util.concurrent.e:<init>():78 - Initialising with 4 store threads
2015-10-22 21:45:54 WARN  com.nuix.util.net.f:a():220 - Problem looking up SRV record for domain hsd1.pa.comcast.net, service _nuix2._tcp.
javax.naming.OperationNotSupportedException: DNS service refused [response code 5]; remaining name '_nuix2._tcp.hsd1.pa.comcast.net.'
	at com.sun.jndi.dns.DnsClient.checkResponseCode(DnsClient.java:654)
	at com.sun.jndi.dns.DnsClient.isMatchResponse(DnsClient.java:569)
	at com.sun.jndi.dns.DnsClient.doUdpQuery(DnsClient.java:418)
	at com.sun.jndi.dns.DnsClient.query(DnsClient.java:207)
	at com.sun.jndi.dns.Resolver.query(Resolver.java:81)
	at com.sun.jndi.dns.DnsContext.c_getAttributes(DnsContext.java:434)
	at com.sun.jndi.toolkit.ctx.ComponentDirContext.p_getAttributes(ComponentDirContext.java:235)
	at com.sun.jndi.toolkit.ctx.PartialCompositeDirContext.getAttributes(PartialCompositeDirContext.java:141)
	at com.sun.jndi.toolkit.ctx.PartialCompositeDirContext.getAttributes(PartialCompositeDirContext.java:129)
	at javax.naming.directory.InitialDirContext.getAttributes(InitialDirContext.java:142)
	at javax.naming.directory.InitialDirContext.getAttributes(InitialDirContext.java:137)
	at com.nuix.util.net.f.a(SourceFile:162)
	at com.nuix.util.net.f.a(SourceFile:129)
	at com.nuix.server.api.d.c(SourceFile:104)
	at com.nuix.server.api.d.b(SourceFile:27)
	at com.nuix.server.api.d$a.a(SourceFile:263)
	at com.nuix.common.collections.q.b(SourceFile:42)
	at com.nuix.common.collections.q.hasNext(SourceFile:64)
	at com.nuix.common.collections.m.hasNext(SourceFile:64)
	at com.google.common.collect.Iterators$7.computeNext(Iterators.java:650)
	at com.google.common.collect.AbstractIterator.tryToComputeNext(AbstractIterator.java:143)
	at com.google.common.collect.AbstractIterator.hasNext(AbstractIterator.java:138)
	at com.google.common.collect.TransformedIterator.hasNext(TransformedIterator.java:43)
	at com.google.common.collect.Iterators$5.hasNext(Iterators.java:547)
	at com.google.common.collect.TransformedIterator.hasNext(TransformedIterator.java:43)
	at com.google.common.collect.Iterators$5.hasNext(Iterators.java:547)
	at com.google.common.collect.Iterators$7.computeNext(Iterators.java:650)
	at com.google.common.collect.AbstractIterator.tryToComputeNext(AbstractIterator.java:143)
	at com.google.common.collect.AbstractIterator.hasNext(AbstractIterator.java:138)
	at com.google.common.collect.TransformedIterator.hasNext(TransformedIterator.java:43)
	at com.nuix.cc.collector.PhysicalFileDeletion.main(Unknown Source)
2015-10-22 21:45:55 WARN  com.nuix.monitoring.memory.a:handleNotification():39 - System is running low on free memory used: 3.5 GB, 92.047741% of total: 3.8 GB
2015-10-22 21:46:20 INFO  com.nuix.monitoring.memory.a:handleNotification():46 - System has freed up more memory: 3.72 GB, 98.025462% of total: 3.8 GB
2015-10-22 22:46:20 INFO  com.nuix.util.concurrent.e:<init>():76 - Initialising with 2 IO threads
2015-10-22 22:46:20 INFO  com.nuix.util.concurrent.e:<init>():78 - Initialising with 4 store threads
2015-10-22 22:46:21 WARN  com.nuix.util.net.f:a():220 - Problem looking up SRV record for domain hsd1.pa.comcast.net, service _nuix2._tcp.
javax.naming.OperationNotSupportedException: DNS service refused [response code 5]; remaining name '_nuix2._tcp.hsd1.pa.comcast.net.'
	at com.sun.jndi.dns.DnsClient.checkResponseCode(DnsClient.java:654)
	at com.sun.jndi.dns.DnsClient.isMatchResponse(DnsClient.java:569)
	at com.sun.jndi.dns.DnsClient.doUdpQuery(DnsClient.java:418)
	at com.sun.jndi.dns.DnsClient.query(DnsClient.java:207)
	at com.sun.jndi.dns.Resolver.query(Resolver.java:81)
	at com.sun.jndi.dns.DnsContext.c_getAttributes(DnsContext.java:434)
	at com.sun.jndi.toolkit.ctx.ComponentDirContext.p_getAttributes(ComponentDirContext.java:235)
	at com.sun.jndi.toolkit.ctx.PartialCompositeDirContext.getAttributes(PartialCompositeDirContext.java:141)
	at com.sun.jndi.toolkit.ctx.PartialCompositeDirContext.getAttributes(PartialCompositeDirContext.java:129)
	at javax.naming.directory.InitialDirContext.getAttributes(InitialDirContext.java:142)
	at javax.naming.directory.InitialDirContext.getAttributes(InitialDirContext.java:137)
	at com.nuix.util.net.f.a(SourceFile:162)
	at com.nuix.util.net.f.a(SourceFile:129)
	at com.nuix.server.api.d.c(SourceFile:104)
	at com.nuix.server.api.d.b(SourceFile:27)
	at com.nuix.server.api.d$a.a(SourceFile:263)
	at com.nuix.common.collections.q.b(SourceFile:42)
	at com.nuix.common.collections.q.hasNext(SourceFile:64)
	at com.nuix.common.collections.m.hasNext(SourceFile:64)
	at com.google.common.collect.Iterators$7.computeNext(Iterators.java:650)
	at com.google.common.collect.AbstractIterator.tryToComputeNext(AbstractIterator.java:143)
	at com.google.common.collect.AbstractIterator.hasNext(AbstractIterator.java:138)
	at com.google.common.collect.TransformedIterator.hasNext(TransformedIterator.java:43)
	at com.google.common.collect.Iterators$5.hasNext(Iterators.java:547)
	at com.google.common.collect.TransformedIterator.hasNext(TransformedIterator.java:43)
	at com.google.common.collect.Iterators$5.hasNext(Iterators.java:547)
	at com.google.common.collect.Iterators$7.computeNext(Iterators.java:650)
	at com.google.common.collect.AbstractIterator.tryToComputeNext(AbstractIterator.java:143)
	at com.google.common.collect.AbstractIterator.hasNext(AbstractIterator.java:138)
	at com.google.common.collect.TransformedIterator.hasNext(TransformedIterator.java:43)
	at com.nuix.cc.collector.PhysicalFileDeletion.main(Unknown Source)
2015-10-22 22:46:22 WARN  com.nuix.monitoring.memory.a:handleNotification():39 - System is running low on free memory used: 3.5 GB, 92.043716% of total: 3.8 GB
2015-10-22 22:46:48 INFO  com.nuix.monitoring.memory.a:handleNotification():46 - System has freed up more memory: 3.75 GB, 98.696779% of total: 3.8 GB
2015-10-22 22:50:41 INFO  com.nuix.util.concurrent.e:<init>():76 - Initialising with 2 IO threads
2015-10-22 22:50:41 INFO  com.nuix.util.concurrent.e:<init>():78 - Initialising with 4 store threads
2015-10-22 22:50:42 WARN  com.nuix.util.net.f:a():220 - Problem looking up SRV record for domain hsd1.pa.comcast.net, service _nuix2._tcp.
javax.naming.NamingException: DNS format error [response code 1]; remaining name '_nuix2._tcp.hsd1.pa.comcast.net.'
	at com.sun.jndi.dns.DnsClient.checkResponseCode(DnsClient.java:657)
	at com.sun.jndi.dns.DnsClient.isMatchResponse(DnsClient.java:569)
	at com.sun.jndi.dns.DnsClient.doUdpQuery(DnsClient.java:418)
	at com.sun.jndi.dns.DnsClient.query(DnsClient.java:207)
	at com.sun.jndi.dns.Resolver.query(Resolver.java:81)
	at com.sun.jndi.dns.DnsContext.c_getAttributes(DnsContext.java:434)
	at com.sun.jndi.toolkit.ctx.ComponentDirContext.p_getAttributes(ComponentDirContext.java:235)
	at com.sun.jndi.toolkit.ctx.PartialCompositeDirContext.getAttributes(PartialCompositeDirContext.java:141)
	at com.sun.jndi.toolkit.ctx.PartialCompositeDirContext.getAttributes(PartialCompositeDirContext.java:129)
	at javax.naming.directory.InitialDirContext.getAttributes(InitialDirContext.java:142)
	at javax.naming.directory.InitialDirContext.getAttributes(InitialDirContext.java:137)
	at com.nuix.util.net.f.a(SourceFile:162)
	at com.nuix.util.net.f.a(SourceFile:129)
	at com.nuix.server.api.d.c(SourceFile:104)
	at com.nuix.server.api.d.b(SourceFile:27)
	at com.nuix.server.api.d$a.a(SourceFile:263)
	at com.nuix.common.collections.q.b(SourceFile:42)
	at com.nuix.common.collections.q.hasNext(SourceFile:64)
	at com.nuix.common.collections.m.hasNext(SourceFile:64)
	at com.google.common.collect.Iterators$7.computeNext(Iterators.java:650)
	at com.google.common.collect.AbstractIterator.tryToComputeNext(AbstractIterator.java:143)
	at com.google.common.collect.AbstractIterator.hasNext(AbstractIterator.java:138)
	at com.google.common.collect.TransformedIterator.hasNext(TransformedIterator.java:43)
	at com.google.common.collect.Iterators$5.hasNext(Iterators.java:547)
	at com.google.common.collect.TransformedIterator.hasNext(TransformedIterator.java:43)
	at com.google.common.collect.Iterators$5.hasNext(Iterators.java:547)
	at com.google.common.collect.Iterators$7.computeNext(Iterators.java:650)
	at com.google.common.collect.AbstractIterator.tryToComputeNext(AbstractIterator.java:143)
	at com.google.common.collect.AbstractIterator.hasNext(AbstractIterator.java:138)
	at com.google.common.collect.TransformedIterator.hasNext(TransformedIterator.java:43)
	at com.nuix.cc.collector.PhysicalFileDeletion.main(Unknown Source)
2015-10-22 22:50:43 WARN  com.nuix.monitoring.memory.a:handleNotification():39 - System is running low on free memory used: 3.51 GB, 92.500021% of total: 3.8 GB
2015-10-22 22:51:09 INFO  com.nuix.monitoring.memory.a:handleNotification():46 - System has freed up more memory: 3.71 GB, 97.788531% of total: 3.8 GB
2015-10-22 22:57:19 INFO  com.nuix.util.concurrent.e:<init>():76 - Initialising with 2 IO threads
2015-10-22 22:57:19 INFO  com.nuix.util.concurrent.e:<init>():78 - Initialising with 4 store threads
2015-10-22 22:57:20 WARN  com.nuix.util.net.f:a():220 - Problem looking up SRV record for domain hsd1.pa.comcast.net, service _nuix2._tcp.
javax.naming.NamingException: DNS format error [response code 1]; remaining name '_nuix2._tcp.hsd1.pa.comcast.net.'
	at com.sun.jndi.dns.DnsClient.checkResponseCode(DnsClient.java:657)
	at com.sun.jndi.dns.DnsClient.isMatchResponse(DnsClient.java:569)
	at com.sun.jndi.dns.DnsClient.doUdpQuery(DnsClient.java:418)
	at com.sun.jndi.dns.DnsClient.query(DnsClient.java:207)
	at com.sun.jndi.dns.Resolver.query(Resolver.java:81)
	at com.sun.jndi.dns.DnsContext.c_getAttributes(DnsContext.java:434)
	at com.sun.jndi.toolkit.ctx.ComponentDirContext.p_getAttributes(ComponentDirContext.java:235)
	at com.sun.jndi.toolkit.ctx.PartialCompositeDirContext.getAttributes(PartialCompositeDirContext.java:141)
	at com.sun.jndi.toolkit.ctx.PartialCompositeDirContext.getAttributes(PartialCompositeDirContext.java:129)
	at javax.naming.directory.InitialDirContext.getAttributes(InitialDirContext.java:142)
	at javax.naming.directory.InitialDirContext.getAttributes(InitialDirContext.java:137)
	at com.nuix.util.net.f.a(SourceFile:162)
	at com.nuix.util.net.f.a(SourceFile:129)
	at com.nuix.server.api.d.c(SourceFile:104)
	at com.nuix.server.api.d.b(SourceFile:27)
	at com.nuix.server.api.d$a.a(SourceFile:263)
	at com.nuix.common.collections.q.b(SourceFile:42)
	at com.nuix.common.collections.q.hasNext(SourceFile:64)
	at com.nuix.common.collections.m.hasNext(SourceFile:64)
	at com.google.common.collect.Iterators$7.computeNext(Iterators.java:650)
	at com.google.common.collect.AbstractIterator.tryToComputeNext(AbstractIterator.java:143)
	at com.google.common.collect.AbstractIterator.hasNext(AbstractIterator.java:138)
	at com.google.common.collect.TransformedIterator.hasNext(TransformedIterator.java:43)
	at com.google.common.collect.Iterators$5.hasNext(Iterators.java:547)
	at com.google.common.collect.TransformedIterator.hasNext(TransformedIterator.java:43)
	at com.google.common.collect.Iterators$5.hasNext(Iterators.java:547)
	at com.google.common.collect.Iterators$7.computeNext(Iterators.java:650)
	at com.google.common.collect.AbstractIterator.tryToComputeNext(AbstractIterator.java:143)
	at com.google.common.collect.AbstractIterator.hasNext(AbstractIterator.java:138)
	at com.google.common.collect.TransformedIterator.hasNext(TransformedIterator.java:43)
	at com.nuix.cc.collector.PhysicalFileDeletion.main(Unknown Source)
2015-10-22 22:57:22 WARN  com.nuix.monitoring.memory.a:handleNotification():39 - System is running low on free memory used: 3.5 GB, 92.046974% of total: 3.8 GB
2015-10-22 22:57:48 INFO  com.nuix.monitoring.memory.a:handleNotification():46 - System has freed up more memory: 3.74 GB, 98.558012% of total: 3.8 GB
2015-10-22 22:59:07 INFO  com.nuix.util.concurrent.e:<init>():76 - Initialising with 2 IO threads
2015-10-22 22:59:07 INFO  com.nuix.util.concurrent.e:<init>():78 - Initialising with 4 store threads
2015-10-22 22:59:08 WARN  com.nuix.util.net.f:a():220 - Problem looking up SRV record for domain hsd1.pa.comcast.net, service _nuix2._tcp.
javax.naming.OperationNotSupportedException: DNS service refused [response code 5]; remaining name '_nuix2._tcp.hsd1.pa.comcast.net.'
	at com.sun.jndi.dns.DnsClient.checkResponseCode(DnsClient.java:654)
	at com.sun.jndi.dns.DnsClient.isMatchResponse(DnsClient.java:569)
	at com.sun.jndi.dns.DnsClient.doUdpQuery(DnsClient.java:418)
	at com.sun.jndi.dns.DnsClient.query(DnsClient.java:207)
	at com.sun.jndi.dns.Resolver.query(Resolver.java:81)
	at com.sun.jndi.dns.DnsContext.c_getAttributes(DnsContext.java:434)
	at com.sun.jndi.toolkit.ctx.ComponentDirContext.p_getAttributes(ComponentDirContext.java:235)
	at com.sun.jndi.toolkit.ctx.PartialCompositeDirContext.getAttributes(PartialCompositeDirContext.java:141)
	at com.sun.jndi.toolkit.ctx.PartialCompositeDirContext.getAttributes(PartialCompositeDirContext.java:129)
	at javax.naming.directory.InitialDirContext.getAttributes(InitialDirContext.java:142)
	at javax.naming.directory.InitialDirContext.getAttributes(InitialDirContext.java:137)
	at com.nuix.util.net.f.a(SourceFile:162)
	at com.nuix.util.net.f.a(SourceFile:129)
	at com.nuix.server.api.d.c(SourceFile:104)
	at com.nuix.server.api.d.b(SourceFile:27)
	at com.nuix.server.api.d$a.a(SourceFile:263)
	at com.nuix.common.collections.q.b(SourceFile:42)
	at com.nuix.common.collections.q.hasNext(SourceFile:64)
	at com.nuix.common.collections.m.hasNext(SourceFile:64)
	at com.google.common.collect.Iterators$7.computeNext(Iterators.java:650)
	at com.google.common.collect.AbstractIterator.tryToComputeNext(AbstractIterator.java:143)
	at com.google.common.collect.AbstractIterator.hasNext(AbstractIterator.java:138)
	at com.google.common.collect.TransformedIterator.hasNext(TransformedIterator.java:43)
	at com.google.common.collect.Iterators$5.hasNext(Iterators.java:547)
	at com.google.common.collect.TransformedIterator.hasNext(TransformedIterator.java:43)
	at com.google.common.collect.Iterators$5.hasNext(Iterators.java:547)
	at com.google.common.collect.Iterators$7.computeNext(Iterators.java:650)
	at com.google.common.collect.AbstractIterator.tryToComputeNext(AbstractIterator.java:143)
	at com.google.common.collect.AbstractIterator.hasNext(AbstractIterator.java:138)
	at com.google.common.collect.TransformedIterator.hasNext(TransformedIterator.java:43)
	at com.nuix.cc.collector.PhysicalFileDeletion.main(Unknown Source)
2015-10-22 22:59:09 WARN  com.nuix.monitoring.memory.a:handleNotification():39 - System is running low on free memory used: 3.5 GB, 92.084714% of total: 3.8 GB
2015-10-22 22:59:33 INFO  com.nuix.monitoring.memory.a:handleNotification():46 - System has freed up more memory: 3.73 GB, 98.106674% of total: 3.8 GB
2015-10-22 23:02:33 INFO  com.nuix.util.concurrent.e:<init>():76 - Initialising with 2 IO threads
2015-10-22 23:02:33 INFO  com.nuix.util.concurrent.e:<init>():78 - Initialising with 4 store threads
2015-10-22 23:02:34 WARN  com.nuix.util.net.f:a():220 - Problem looking up SRV record for domain hsd1.pa.comcast.net, service _nuix2._tcp.
javax.naming.OperationNotSupportedException: DNS service refused [response code 5]; remaining name '_nuix2._tcp.hsd1.pa.comcast.net.'
	at com.sun.jndi.dns.DnsClient.checkResponseCode(DnsClient.java:654)
	at com.sun.jndi.dns.DnsClient.isMatchResponse(DnsClient.java:569)
	at com.sun.jndi.dns.DnsClient.doUdpQuery(DnsClient.java:418)
	at com.sun.jndi.dns.DnsClient.query(DnsClient.java:207)
	at com.sun.jndi.dns.Resolver.query(Resolver.java:81)
	at com.sun.jndi.dns.DnsContext.c_getAttributes(DnsContext.java:434)
	at com.sun.jndi.toolkit.ctx.ComponentDirContext.p_getAttributes(ComponentDirContext.java:235)
	at com.sun.jndi.toolkit.ctx.PartialCompositeDirContext.getAttributes(PartialCompositeDirContext.java:141)
	at com.sun.jndi.toolkit.ctx.PartialCompositeDirContext.getAttributes(PartialCompositeDirContext.java:129)
	at javax.naming.directory.InitialDirContext.getAttributes(InitialDirContext.java:142)
	at javax.naming.directory.InitialDirContext.getAttributes(InitialDirContext.java:137)
	at com.nuix.util.net.f.a(SourceFile:162)
	at com.nuix.util.net.f.a(SourceFile:129)
	at com.nuix.server.api.d.c(SourceFile:104)
	at com.nuix.server.api.d.b(SourceFile:27)
	at com.nuix.server.api.d$a.a(SourceFile:263)
	at com.nuix.common.collections.q.b(SourceFile:42)
	at com.nuix.common.collections.q.hasNext(SourceFile:64)
	at com.nuix.common.collections.m.hasNext(SourceFile:64)
	at com.google.common.collect.Iterators$7.computeNext(Iterators.java:650)
	at com.google.common.collect.AbstractIterator.tryToComputeNext(AbstractIterator.java:143)
	at com.google.common.collect.AbstractIterator.hasNext(AbstractIterator.java:138)
	at com.google.common.collect.TransformedIterator.hasNext(TransformedIterator.java:43)
	at com.google.common.collect.Iterators$5.hasNext(Iterators.java:547)
	at com.google.common.collect.TransformedIterator.hasNext(TransformedIterator.java:43)
	at com.google.common.collect.Iterators$5.hasNext(Iterators.java:547)
	at com.google.common.collect.Iterators$7.computeNext(Iterators.java:650)
	at com.google.common.collect.AbstractIterator.tryToComputeNext(AbstractIterator.java:143)
	at com.google.common.collect.AbstractIterator.hasNext(AbstractIterator.java:138)
	at com.google.common.collect.TransformedIterator.hasNext(TransformedIterator.java:43)
	at com.nuix.cc.collector.PhysicalFileDeletion.main(Unknown Source)
2015-10-22 23:02:36 WARN  com.nuix.monitoring.memory.a:handleNotification():39 - System is running low on free memory used: 3.5 GB, 92.047356% of total: 3.8 GB
2015-10-22 23:03:02 INFO  com.nuix.monitoring.memory.a:handleNotification():46 - System has freed up more memory: 3.71 GB, 97.803277% of total: 3.8 GB
2015-10-22 23:05:22 INFO  com.nuix.util.concurrent.e:<init>():76 - Initialising with 2 IO threads
2015-10-22 23:05:22 INFO  com.nuix.util.concurrent.e:<init>():78 - Initialising with 4 store threads
2015-10-22 23:05:23 WARN  com.nuix.util.net.f:a():220 - Problem looking up SRV record for domain hsd1.pa.comcast.net, service _nuix2._tcp.
javax.naming.OperationNotSupportedException: DNS service refused [response code 5]; remaining name '_nuix2._tcp.hsd1.pa.comcast.net.'
	at com.sun.jndi.dns.DnsClient.checkResponseCode(DnsClient.java:654)
	at com.sun.jndi.dns.DnsClient.isMatchResponse(DnsClient.java:569)
	at com.sun.jndi.dns.DnsClient.doUdpQuery(DnsClient.java:418)
	at com.sun.jndi.dns.DnsClient.query(DnsClient.java:207)
	at com.sun.jndi.dns.Resolver.query(Resolver.java:81)
	at com.sun.jndi.dns.DnsContext.c_getAttributes(DnsContext.java:434)
	at com.sun.jndi.toolkit.ctx.ComponentDirContext.p_getAttributes(ComponentDirContext.java:235)
	at com.sun.jndi.toolkit.ctx.PartialCompositeDirContext.getAttributes(PartialCompositeDirContext.java:141)
	at com.sun.jndi.toolkit.ctx.PartialCompositeDirContext.getAttributes(PartialCompositeDirContext.java:129)
	at javax.naming.directory.InitialDirContext.getAttributes(InitialDirContext.java:142)
	at javax.naming.directory.InitialDirContext.getAttributes(InitialDirContext.java:137)
	at com.nuix.util.net.f.a(SourceFile:162)
	at com.nuix.util.net.f.a(SourceFile:129)
	at com.nuix.server.api.d.c(SourceFile:104)
	at com.nuix.server.api.d.b(SourceFile:27)
	at com.nuix.server.api.d$a.a(SourceFile:263)
	at com.nuix.common.collections.q.b(SourceFile:42)
	at com.nuix.common.collections.q.hasNext(SourceFile:64)
	at com.nuix.common.collections.m.hasNext(SourceFile:64)
	at com.google.common.collect.Iterators$7.computeNext(Iterators.java:650)
	at com.google.common.collect.AbstractIterator.tryToComputeNext(AbstractIterator.java:143)
	at com.google.common.collect.AbstractIterator.hasNext(AbstractIterator.java:138)
	at com.google.common.collect.TransformedIterator.hasNext(TransformedIterator.java:43)
	at com.google.common.collect.Iterators$5.hasNext(Iterators.java:547)
	at com.google.common.collect.TransformedIterator.hasNext(TransformedIterator.java:43)
	at com.google.common.collect.Iterators$5.hasNext(Iterators.java:547)
	at com.google.common.collect.Iterators$7.computeNext(Iterators.java:650)
	at com.google.common.collect.AbstractIterator.tryToComputeNext(AbstractIterator.java:143)
	at com.google.common.collect.AbstractIterator.hasNext(AbstractIterator.java:138)
	at com.google.common.collect.TransformedIterator.hasNext(TransformedIterator.java:43)
	at com.nuix.cc.collector.PhysicalFileDeletion.main(Unknown Source)
2015-10-22 23:05:24 WARN  com.nuix.monitoring.memory.a:handleNotification():39 - System is running low on free memory used: 3.51 GB, 92.553210% of total: 3.8 GB
2015-10-22 23:05:50 INFO  com.nuix.monitoring.memory.a:handleNotification():46 - System has freed up more memory: 3.73 GB, 98.186592% of total: 3.8 GB
